Using pre-set license
Built from '2022.3/staging' branch; Version is '2022.3.3f1 (7cdc2969a641) revision 8182825'; Using compiler version '192829333'; Build Type 'Release'
OS: 'Windows 10  (10.0.19045) 64bit Professional' Language: 'ru' Physical Memory: 16308 MB
BatchMode: 1, IsHumanControllingUs: 0, StartBugReporterOnCrash: 0, Is64bit: 1, IsPro: 1

COMMAND LINE ARGUMENTS:
D:\Unity\2022.3.3f1\Editor\Unity.exe
-adb2
-batchMode
-noUpm
-name
AssetImportWorker1
-projectPath
D:/GitHub/Unity/FirstGame/FirstGame
-logFile
Logs/AssetImportWorker1.log
-srvPort
56700
Successfully changed project path to: D:/GitHub/Unity/FirstGame/FirstGame
D:/GitHub/Unity/FirstGame/FirstGame
[UnityMemory] Configuration Parameters - Can be set up in boot.config
    "memorysetup-bucket-allocator-granularity=16"
    "memorysetup-bucket-allocator-bucket-count=8"
    "memorysetup-bucket-allocator-block-size=33554432"
    "memorysetup-bucket-allocator-block-count=8"
    "memorysetup-main-allocator-block-size=16777216"
    "memorysetup-thread-allocator-block-size=16777216"
    "memorysetup-gfx-main-allocator-block-size=16777216"
    "memorysetup-gfx-thread-allocator-block-size=16777216"
    "memorysetup-cache-allocator-block-size=4194304"
    "memorysetup-typetree-allocator-block-size=2097152"
    "memorysetup-profiler-bucket-allocator-granularity=16"
    "memorysetup-profiler-bucket-allocator-bucket-count=8"
    "memorysetup-profiler-bucket-allocator-block-size=33554432"
    "memorysetup-profiler-bucket-allocator-block-count=8"
    "memorysetup-profiler-allocator-block-size=16777216"
    "memorysetup-profiler-editor-allocator-block-size=1048576"
    "memorysetup-temp-allocator-size-main=16777216"
    "memorysetup-job-temp-allocator-block-size=2097152"
    "memorysetup-job-temp-allocator-block-size-background=1048576"
    "memorysetup-job-temp-allocator-reduction-small-platforms=262144"
    "memorysetup-allocator-temp-initial-block-size-main=262144"
    "memorysetup-allocator-temp-initial-block-size-worker=262144"
    "memorysetup-temp-allocator-size-background-worker=32768"
    "memorysetup-temp-allocator-size-job-worker=262144"
    "memorysetup-temp-allocator-size-preload-manager=33554432"
    "memorysetup-temp-allocator-size-nav-mesh-worker=65536"
    "memorysetup-temp-allocator-size-audio-worker=65536"
    "memorysetup-temp-allocator-size-cloud-worker=32768"
    "memorysetup-temp-allocator-size-gi-baking-worker=262144"
    "memorysetup-temp-allocator-size-gfx=262144"
Player connection [8040] Host "[IP] 192.168.0.10 [Port] 0 [Flags] 2 [Guid] 1900361587 [EditorId] 1900361587 [Version] 1048832 [Id] WindowsEditor(7,DESKTOP-8M24DQD) [Debug] 1 [PackageName] WindowsEditor [ProjectName] Editor" joined multi-casting on [225.0.0.222:54997]...

Player connection [8040] Host "[IP] 192.168.0.10 [Port] 0 [Flags] 2 [Guid] 1900361587 [EditorId] 1900361587 [Version] 1048832 [Id] WindowsEditor(7,DESKTOP-8M24DQD) [Debug] 1 [PackageName] WindowsEditor [ProjectName] Editor" joined alternative multi-casting on [225.0.0.222:34997]...

Refreshing native plugins compatible for Editor in 9.33 ms, found 4 plugins.
Preloading 0 native plugins for Editor in 0.00 ms.
Initialize engine version: 2022.3.3f1 (7cdc2969a641)
[Subsystems] Discovering subsystems at path D:/Unity/2022.3.3f1/Editor/Data/Resources/UnitySubsystems
[Subsystems] Discovering subsystems at path D:/GitHub/Unity/FirstGame/FirstGame/Assets
GfxDevice: creating device client; threaded=0; jobified=0
Direct3D:
    Version:  Direct3D 11.0 [level 11.1]
    Renderer: NVIDIA GeForce GTX 1060 6GB (ID=0x1c03)
    Vendor:   NVIDIA
    VRAM:     6043 MB
    Driver:   31.0.15.3179
Initialize mono
Mono path[0] = 'D:/Unity/2022.3.3f1/Editor/Data/Managed'
Mono path[1] = 'D:/Unity/2022.3.3f1/Editor/Data/MonoBleedingEdge/lib/mono/unityjit-win32'
Mono config path = 'D:/Unity/2022.3.3f1/Editor/Data/MonoBleedingEdge/etc'
Using monoOptions --debugger-agent=transport=dt_socket,embedding=1,server=y,suspend=n,address=127.0.0.1:56428
Begin MonoManager ReloadAssembly
Registering precompiled unity dll's ...
Register platform support module: D:/Unity/2022.3.3f1/Editor/Data/PlaybackEngines/WindowsStandaloneSupport/UnityEditor.WindowsStandalone.Extensions.dll
Registered in 0.003859 seconds.
- Loaded All Assemblies, in  0.334 seconds
Native extension for WindowsStandalone target not found
Mono: successfully reloaded assembly
- Finished resetting the current domain, in  0.283 seconds
Domain Reload Profiling: 617ms
	BeginReloadAssembly (92ms)
		ExecutionOrderSort (0ms)
		DisableScriptedObjects (0ms)
		BackupInstance (0ms)
		ReleaseScriptingObjects (0ms)
		CreateAndSetChildDomain (1ms)
	RebuildCommonClasses (35ms)
	RebuildNativeTypeToScriptingClass (11ms)
	initialDomainReloadingComplete (51ms)
	LoadAllAssembliesAndSetupDomain (144ms)
		LoadAssemblies (92ms)
		RebuildTransferFunctionScriptingTraits (0ms)
		AnalyzeDomain (141ms)
			TypeCache.Refresh (140ms)
				TypeCache.ScanAssembly (126ms)
			ScanForSourceGeneratedMonoScriptInfo (1ms)
			ResolveRequiredComponents (0ms)
	FinalizeReload (284ms)
		ReleaseScriptCaches (0ms)
		RebuildScriptCaches (0ms)
		SetupLoadedEditorAssemblies (221ms)
			LogAssemblyErrors (0ms)
			InitializePlatformSupportModulesInManaged (8ms)
			SetLoadedEditorAssemblies (9ms)
			RefreshPlugins (0ms)
			BeforeProcessingInitializeOnLoad (2ms)
			ProcessInitializeOnLoadAttributes (150ms)
			ProcessInitializeOnLoadMethodAttributes (52ms)
			AfterProcessingInitializeOnLoad (0ms)
			EditorAssembliesLoaded (0ms)
		ExecutionOrderSort2 (0ms)
		AwakeInstancesAfterBackupRestoration (0ms)
========================================================================
Worker process is ready to serve import requests
Begin MonoManager ReloadAssembly
Symbol file LoadedFromMemory doesn't match image D:\GitHub\Unity\FirstGame\FirstGame\Library\PackageCache\com.unity.visualscripting@1.8.0\Editor\VisualScripting.Core\Dependencies\YamlDotNet\Unity.VisualScripting.YamlDotNet.dll
Symbol file LoadedFromMemory doesn't match image D:\GitHub\Unity\FirstGame\FirstGame\Library\PackageCache\com.unity.visualscripting@1.8.0\Editor\VisualScripting.Core\Dependencies\DotNetZip\Unity.VisualScripting.IonicZip.dll
- Loaded All Assemblies, in  0.728 seconds
Refreshing native plugins compatible for Editor in 3.20 ms, found 4 plugins.
Native extension for WindowsStandalone target not found
Mono: successfully reloaded assembly
- Finished resetting the current domain, in  0.566 seconds
Domain Reload Profiling: 1294ms
	BeginReloadAssembly (121ms)
		ExecutionOrderSort (0ms)
		DisableScriptedObjects (5ms)
		BackupInstance (0ms)
		ReleaseScriptingObjects (0ms)
		CreateAndSetChildDomain (22ms)
	RebuildCommonClasses (34ms)
	RebuildNativeTypeToScriptingClass (11ms)
	initialDomainReloadingComplete (43ms)
	LoadAllAssembliesAndSetupDomain (518ms)
		LoadAssemblies (262ms)
		RebuildTransferFunctionScriptingTraits (0ms)
		AnalyzeDomain (314ms)
			TypeCache.Refresh (288ms)
				TypeCache.ScanAssembly (275ms)
			ScanForSourceGeneratedMonoScriptInfo (21ms)
			ResolveRequiredComponents (5ms)
	FinalizeReload (567ms)
		ReleaseScriptCaches (0ms)
		RebuildScriptCaches (0ms)
		SetupLoadedEditorAssemblies (400ms)
			LogAssemblyErrors (0ms)
			InitializePlatformSupportModulesInManaged (6ms)
			SetLoadedEditorAssemblies (5ms)
			RefreshPlugins (0ms)
			BeforeProcessingInitializeOnLoad (67ms)
			ProcessInitializeOnLoadAttributes (283ms)
			ProcessInitializeOnLoadMethodAttributes (35ms)
			AfterProcessingInitializeOnLoad (3ms)
			EditorAssembliesLoaded (0ms)
		ExecutionOrderSort2 (0ms)
		AwakeInstancesAfterBackupRestoration (7ms)
Launched and connected shader compiler UnityShaderCompiler.exe after 0.07 seconds
Refreshing native plugins compatible for Editor in 4.13 ms, found 4 plugins.
Preloading 0 native plugins for Editor in 0.00 ms.
Unloading 3998 Unused Serialized files (Serialized files now loaded: 0)
Unloading 69 unused Assets / (244.5 KB). Loaded Objects now: 4456.
Memory consumption went from 138.6 MB to 138.4 MB.
Total: 3.923300 ms (FindLiveObjects: 0.395900 ms CreateObjectMapping: 0.268000 ms MarkObjects: 3.057700 ms  DeleteObjects: 0.200900 ms)

AssetImportParameters requested are different than current active one (requested -> active):
  custom:container-demuxer-ogg: 62fdf1f143b41e24485cea50d1cbac27 -> 
  custom:video-decoder-ogg-theora: a1e56fd34408186e4bbccfd4996cb3dc -> 
  custom:framework-win-MediaFoundation: 216162199b28c13a410421893ffa2e32 -> 
  custom:container-demuxer-webm: 4f35f7cbe854078d1ac9338744f61a02 -> 
  custom:container-muxer-webm: aa71ff27fc2769a1b78a27578f13a17b -> 
  custom:video-decoder-webm-vp8: 9c59270c3fd7afecdb556c50c9e8de78 -> 
  custom:AudioImporter_EditorPlatform: d09bf68614088b80899f8185d706f6e7 -> 
  custom:video-encoder-webm-vp8: eb34c28f22e8b96e1ab97ce403110664 -> 
  custom:audio-decoder-ogg-vorbis: bf7c407c2cedff20999df2af8eb42d56 -> 
  custom:audio-encoder-webm-vorbis: bf7c407c2cedff20999df2af8eb42d56 -> 
========================================================================
Received Import Request.
  Time since last request: 278696.772511 seconds.
  path: Assets/palettes/Sprite-0001_0.asset
  artifactKey: Guid(9947416c69c01a84199a0253109fd878) Importer(815301076,1909f56bfc062723c751e8b465ee728b)
Start importing Assets/palettes/Sprite-0001_0.asset using Guid(9947416c69c01a84199a0253109fd878) Importer(815301076,1909f56bfc062723c751e8b465ee728b)  -> (artifact id: 'e31b1f3f493653ca510a5e3f4e28215f') in 0.093345 seconds
Number of updated asset objects reloaded before import = 0
Number of asset objects unloaded after import = 3
========================================================================
Received Import Request.
  Time since last request: 0.000027 seconds.
  path: Assets/palettes/Sprite-0001_9.asset
  artifactKey: Guid(1e78e4938d97fb44f9dac2e2394b895a) Importer(815301076,1909f56bfc062723c751e8b465ee728b)
Start importing Assets/palettes/Sprite-0001_9.asset using Guid(1e78e4938d97fb44f9dac2e2394b895a) Importer(815301076,1909f56bfc062723c751e8b465ee728b)  -> (artifact id: 'f4c74f89a7f7879a9ce7a9ae92d6ba26') in 0.013967 seconds
Number of updated asset objects reloaded before import = 0
Number of asset objects unloaded after import = 3
========================================================================
Received Import Request.
  Time since last request: 0.000027 seconds.
  path: Assets/palettes/Sprite-0001_1.asset
  artifactKey: Guid(dd8f584f34f50cb4ab555e7436d6c1ae) Importer(815301076,1909f56bfc062723c751e8b465ee728b)
Start importing Assets/palettes/Sprite-0001_1.asset using Guid(dd8f584f34f50cb4ab555e7436d6c1ae) Importer(815301076,1909f56bfc062723c751e8b465ee728b)  -> (artifact id: 'a4960cceebeca68c11403cd9d278d63d') in 0.013350 seconds
Number of updated asset objects reloaded before import = 0
Number of asset objects unloaded after import = 3
========================================================================
Received Import Request.
  Time since last request: 0.000018 seconds.
  path: Assets/palettes/Sprite-0001_8.asset
  artifactKey: Guid(bfcb732d8e3e88c4f9153f5ebc72973d) Importer(815301076,1909f56bfc062723c751e8b465ee728b)
Start importing Assets/palettes/Sprite-0001_8.asset using Guid(bfcb732d8e3e88c4f9153f5ebc72973d) Importer(815301076,1909f56bfc062723c751e8b465ee728b)  -> (artifact id: '560619d1a6b7556462753234e3a9c891') in 0.012075 seconds
Number of updated asset objects reloaded before import = 0
Number of asset objects unloaded after import = 3
========================================================================
Received Import Request.
  Time since last request: 0.000018 seconds.
  path: Assets/palettes/Sprite-0001_4.asset
  artifactKey: Guid(ec6dad186508c56429b140202237dcd9) Importer(815301076,1909f56bfc062723c751e8b465ee728b)
Start importing Assets/palettes/Sprite-0001_4.asset using Guid(ec6dad186508c56429b140202237dcd9) Importer(815301076,1909f56bfc062723c751e8b465ee728b)  -> (artifact id: '7807edecfebcc228d4faa9947dbf5bea') in 0.011719 seconds
Number of updated asset objects reloaded before import = 0
Number of asset objects unloaded after import = 3
========================================================================
Received Import Request.
  Time since last request: 0.000018 seconds.
  path: Assets/palettes/Sprite-0001_16.asset
  artifactKey: Guid(fe294a4d539c3294da8be2fb0dd35a4d) Importer(815301076,1909f56bfc062723c751e8b465ee728b)
Start importing Assets/palettes/Sprite-0001_16.asset using Guid(fe294a4d539c3294da8be2fb0dd35a4d) Importer(815301076,1909f56bfc062723c751e8b465ee728b)  -> (artifact id: '67d884d85d1f1f6e48f54c2901638f97') in 0.012353 seconds
Number of updated asset objects reloaded before import = 0
Number of asset objects unloaded after import = 3
========================================================================
Received Import Request.
  Time since last request: 0.000019 seconds.
  path: Assets/palettes/Sprite-0001_13.asset
  artifactKey: Guid(f42bb807470db10419eb829bbe2059e4) Importer(815301076,1909f56bfc062723c751e8b465ee728b)
Start importing Assets/palettes/Sprite-0001_13.asset using Guid(f42bb807470db10419eb829bbe2059e4) Importer(815301076,1909f56bfc062723c751e8b465ee728b)  -> (artifact id: '296877f4b68157a4849539e935f934b4') in 0.011021 seconds
Number of updated asset objects reloaded before import = 0
Number of asset objects unloaded after import = 3
========================================================================
Received Import Request.
  Time since last request: 0.000020 seconds.
  path: Assets/palettes/Sprite-0001_6.asset
  artifactKey: Guid(1619a796e20ac8745982eda707e0a724) Importer(815301076,1909f56bfc062723c751e8b465ee728b)
Start importing Assets/palettes/Sprite-0001_6.asset using Guid(1619a796e20ac8745982eda707e0a724) Importer(815301076,1909f56bfc062723c751e8b465ee728b)  -> (artifact id: '59e45cf15f18baad8de120804bfa7607') in 0.009678 seconds
Number of updated asset objects reloaded before import = 0
Number of asset objects unloaded after import = 3
========================================================================
Received Import Request.
  Time since last request: 484.075947 seconds.
  path: Assets/palettes/Sprite-0001_0.asset
  artifactKey: Guid(9947416c69c01a84199a0253109fd878) Importer(815301076,1909f56bfc062723c751e8b465ee728b)
Start importing Assets/palettes/Sprite-0001_0.asset using Guid(9947416c69c01a84199a0253109fd878) Importer(815301076,1909f56bfc062723c751e8b465ee728b)  -> (artifact id: 'a04c65a3076b0455ca7a64c53184d6d2') in 0.007979 seconds
Number of updated asset objects reloaded before import = 0
Number of asset objects unloaded after import = 3
========================================================================
Received Import Request.
  Time since last request: 0.002265 seconds.
  path: Assets/palettes/Sprite-0001_3.asset
  artifactKey: Guid(3ba6d1f4ae8c72f458bbf65ec027f93c) Importer(815301076,1909f56bfc062723c751e8b465ee728b)
Start importing Assets/palettes/Sprite-0001_3.asset using Guid(3ba6d1f4ae8c72f458bbf65ec027f93c) Importer(815301076,1909f56bfc062723c751e8b465ee728b)  -> (artifact id: 'f180a5bf347feb38111cfd5cc633a642') in 0.005057 seconds
Number of updated asset objects reloaded before import = 0
Number of asset objects unloaded after import = 3
========================================================================
Received Import Request.
  Time since last request: 0.000037 seconds.
  path: Assets/palettes/Sprite-0001_2.asset
  artifactKey: Guid(6f5bf4efeaa18ba45a04833f87a43e9e) Importer(815301076,1909f56bfc062723c751e8b465ee728b)
Start importing Assets/palettes/Sprite-0001_2.asset using Guid(6f5bf4efeaa18ba45a04833f87a43e9e) Importer(815301076,1909f56bfc062723c751e8b465ee728b)  -> (artifact id: '6aad3e0115b24c46031d47e6a7fe019c') in 0.006394 seconds
Number of updated asset objects reloaded before import = 0
Number of asset objects unloaded after import = 3
========================================================================
Received Import Request.
  Time since last request: 0.000015 seconds.
  path: Assets/palettes/Sprite-0001_7.asset
  artifactKey: Guid(45cfa1e7e9d274445a47443621acc76b) Importer(815301076,1909f56bfc062723c751e8b465ee728b)
Start importing Assets/palettes/Sprite-0001_7.asset using Guid(45cfa1e7e9d274445a47443621acc76b) Importer(815301076,1909f56bfc062723c751e8b465ee728b)  -> (artifact id: 'e5a01e9c8b0d855714777adec9e14ab6') in 0.007728 seconds
Number of updated asset objects reloaded before import = 0
Number of asset objects unloaded after import = 3
========================================================================
Received Import Request.
  Time since last request: 0.000015 seconds.
  path: Assets/palettes/Sprite-0001_9.asset
  artifactKey: Guid(1e78e4938d97fb44f9dac2e2394b895a) Importer(815301076,1909f56bfc062723c751e8b465ee728b)
Start importing Assets/palettes/Sprite-0001_9.asset using Guid(1e78e4938d97fb44f9dac2e2394b895a) Importer(815301076,1909f56bfc062723c751e8b465ee728b)  -> (artifact id: '23b2a1001d4174599ef1a54d7a1f3d6d') in 0.004873 seconds
Number of updated asset objects reloaded before import = 0
Number of asset objects unloaded after import = 3
========================================================================
Received Import Request.
  Time since last request: 0.000019 seconds.
  path: Assets/palettes/Sprite-0001_1.asset
  artifactKey: Guid(dd8f584f34f50cb4ab555e7436d6c1ae) Importer(815301076,1909f56bfc062723c751e8b465ee728b)
Start importing Assets/palettes/Sprite-0001_1.asset using Guid(dd8f584f34f50cb4ab555e7436d6c1ae) Importer(815301076,1909f56bfc062723c751e8b465ee728b)  -> (artifact id: '4df12001af08a83e5fc90ecfb335fc72') in 0.004388 seconds
Number of updated asset objects reloaded before import = 0
Number of asset objects unloaded after import = 3
========================================================================
Received Import Request.
  Time since last request: 0.000015 seconds.
  path: Assets/palettes/Sprite-0001_8.asset
  artifactKey: Guid(bfcb732d8e3e88c4f9153f5ebc72973d) Importer(815301076,1909f56bfc062723c751e8b465ee728b)
Start importing Assets/palettes/Sprite-0001_8.asset using Guid(bfcb732d8e3e88c4f9153f5ebc72973d) Importer(815301076,1909f56bfc062723c751e8b465ee728b)  -> (artifact id: 'f4649a75dda7c0f15952eec433aff3bb') in 0.005108 seconds
Number of updated asset objects reloaded before import = 0
Number of asset objects unloaded after import = 3
========================================================================
Received Import Request.
  Time since last request: 0.000014 seconds.
  path: Assets/palettes/Sprite-0001_4.asset
  artifactKey: Guid(ec6dad186508c56429b140202237dcd9) Importer(815301076,1909f56bfc062723c751e8b465ee728b)
Start importing Assets/palettes/Sprite-0001_4.asset using Guid(ec6dad186508c56429b140202237dcd9) Importer(815301076,1909f56bfc062723c751e8b465ee728b)  -> (artifact id: 'dcfd625b9703bc420a4102657e69e912') in 0.006914 seconds
Number of updated asset objects reloaded before import = 0
Number of asset objects unloaded after import = 3
========================================================================
Received Import Request.
  Time since last request: 0.000015 seconds.
  path: Assets/palettes/Sprite-0001_12.asset
  artifactKey: Guid(901e0ebbf69c20f4e9f849ca16936681) Importer(815301076,1909f56bfc062723c751e8b465ee728b)
Start importing Assets/palettes/Sprite-0001_12.asset using Guid(901e0ebbf69c20f4e9f849ca16936681) Importer(815301076,1909f56bfc062723c751e8b465ee728b)  -> (artifact id: '7d3ec7a945452358ccbe80c01ddfbe71') in 0.004957 seconds
Number of updated asset objects reloaded before import = 0
Number of asset objects unloaded after import = 3
========================================================================
Received Import Request.
  Time since last request: 0.000016 seconds.
  path: Assets/palettes/Sprite-0001_11.asset
  artifactKey: Guid(f2617c22f256cb849bdbee546dbd824e) Importer(815301076,1909f56bfc062723c751e8b465ee728b)
Start importing Assets/palettes/Sprite-0001_11.asset using Guid(f2617c22f256cb849bdbee546dbd824e) Importer(815301076,1909f56bfc062723c751e8b465ee728b)  -> (artifact id: 'bf7ac6d665dd2d1240ef9f0794a20358') in 0.005355 seconds
Number of updated asset objects reloaded before import = 0
Number of asset objects unloaded after import = 3
========================================================================
Received Import Request.
  Time since last request: 0.000056 seconds.
  path: Assets/palettes/Sprite-0001_17.asset
  artifactKey: Guid(56115a60c93f05f4b9e758646516fa2f) Importer(815301076,1909f56bfc062723c751e8b465ee728b)
Start importing Assets/palettes/Sprite-0001_17.asset using Guid(56115a60c93f05f4b9e758646516fa2f) Importer(815301076,1909f56bfc062723c751e8b465ee728b)  -> (artifact id: '905ea2a1ee93f9c2322fe3b7b6bb77e8') in 0.005448 seconds
Number of updated asset objects reloaded before import = 0
Number of asset objects unloaded after import = 3
========================================================================
Received Import Request.
  Time since last request: 0.000019 seconds.
  path: Assets/palettes/Sprite-0001_6.asset
  artifactKey: Guid(1619a796e20ac8745982eda707e0a724) Importer(815301076,1909f56bfc062723c751e8b465ee728b)
Start importing Assets/palettes/Sprite-0001_6.asset using Guid(1619a796e20ac8745982eda707e0a724) Importer(815301076,1909f56bfc062723c751e8b465ee728b)  -> (artifact id: '983ee21c10fd2e9a4a8fbacc104f1228') in 0.005223 seconds
Number of updated asset objects reloaded before import = 0
Number of asset objects unloaded after import = 3
