Using pre-set license
Built from '2022.3/staging' branch; Version is '2022.3.3f1 (7cdc2969a641) revision 8182825'; Using compiler version '192829333'; Build Type 'Release'
OS: 'Windows 10  (10.0.19045) 64bit Professional' Language: 'ru' Physical Memory: 16308 MB
BatchMode: 1, IsHumanControllingUs: 0, StartBugReporterOnCrash: 0, Is64bit: 1, IsPro: 1

COMMAND LINE ARGUMENTS:
D:\Unity\2022.3.3f1\Editor\Unity.exe
-adb2
-batchMode
-noUpm
-name
AssetImportWorker4
-projectPath
D:/GitHub/Unity/FirstGame/FirstGame
-logFile
Logs/AssetImportWorker4.log
-srvPort
54032
Successfully changed project path to: D:/GitHub/Unity/FirstGame/FirstGame
D:/GitHub/Unity/FirstGame/FirstGame
[UnityMemory] Configuration Parameters - Can be set up in boot.config
    "memorysetup-bucket-allocator-granularity=16"
    "memorysetup-bucket-allocator-bucket-count=8"
    "memorysetup-bucket-allocator-block-size=33554432"
    "memorysetup-bucket-allocator-block-count=8"
    "memorysetup-main-allocator-block-size=16777216"
    "memorysetup-thread-allocator-block-size=16777216"
    "memorysetup-gfx-main-allocator-block-size=16777216"
    "memorysetup-gfx-thread-allocator-block-size=16777216"
    "memorysetup-cache-allocator-block-size=4194304"
    "memorysetup-typetree-allocator-block-size=2097152"
    "memorysetup-profiler-bucket-allocator-granularity=16"
    "memorysetup-profiler-bucket-allocator-bucket-count=8"
    "memorysetup-profiler-bucket-allocator-block-size=33554432"
    "memorysetup-profiler-bucket-allocator-block-count=8"
    "memorysetup-profiler-allocator-block-size=16777216"
    "memorysetup-profiler-editor-allocator-block-size=1048576"
    "memorysetup-temp-allocator-size-main=16777216"
    "memorysetup-job-temp-allocator-block-size=2097152"
    "memorysetup-job-temp-allocator-block-size-background=1048576"
    "memorysetup-job-temp-allocator-reduction-small-platforms=262144"
    "memorysetup-allocator-temp-initial-block-size-main=262144"
    "memorysetup-allocator-temp-initial-block-size-worker=262144"
    "memorysetup-temp-allocator-size-background-worker=32768"
    "memorysetup-temp-allocator-size-job-worker=262144"
    "memorysetup-temp-allocator-size-preload-manager=33554432"
    "memorysetup-temp-allocator-size-nav-mesh-worker=65536"
    "memorysetup-temp-allocator-size-audio-worker=65536"
    "memorysetup-temp-allocator-size-cloud-worker=32768"
    "memorysetup-temp-allocator-size-gi-baking-worker=262144"
    "memorysetup-temp-allocator-size-gfx=262144"
Player connection [20956] Host "[IP] 192.168.0.11 [Port] 0 [Flags] 2 [Guid] 85424296 [EditorId] 85424296 [Version] 1048832 [Id] WindowsEditor(7,DESKTOP-8M24DQD) [Debug] 1 [PackageName] WindowsEditor [ProjectName] Editor" joined multi-casting on [225.0.0.222:54997]...

Player connection [20956] Host "[IP] 192.168.0.11 [Port] 0 [Flags] 2 [Guid] 85424296 [EditorId] 85424296 [Version] 1048832 [Id] WindowsEditor(7,DESKTOP-8M24DQD) [Debug] 1 [PackageName] WindowsEditor [ProjectName] Editor" joined alternative multi-casting on [225.0.0.222:34997]...

Refreshing native plugins compatible for Editor in 1876.91 ms, found 4 plugins.
Preloading 0 native plugins for Editor in 0.00 ms.
Initialize engine version: 2022.3.3f1 (7cdc2969a641)
[Subsystems] Discovering subsystems at path D:/Unity/2022.3.3f1/Editor/Data/Resources/UnitySubsystems
[Subsystems] Discovering subsystems at path D:/GitHub/Unity/FirstGame/FirstGame/Assets
GfxDevice: creating device client; threaded=0; jobified=0
Direct3D:
    Version:  Direct3D 11.0 [level 11.1]
    Renderer: NVIDIA GeForce GTX 1060 6GB (ID=0x1c03)
    Vendor:   NVIDIA
    VRAM:     6043 MB
    Driver:   31.0.15.3179
Initialize mono
Mono path[0] = 'D:/Unity/2022.3.3f1/Editor/Data/Managed'
Mono path[1] = 'D:/Unity/2022.3.3f1/Editor/Data/MonoBleedingEdge/lib/mono/unityjit-win32'
Mono config path = 'D:/Unity/2022.3.3f1/Editor/Data/MonoBleedingEdge/etc'
Using monoOptions --debugger-agent=transport=dt_socket,embedding=1,server=y,suspend=n,address=127.0.0.1:56116
Begin MonoManager ReloadAssembly
Registering precompiled unity dll's ...
Register platform support module: D:/Unity/2022.3.3f1/Editor/Data/PlaybackEngines/WindowsStandaloneSupport/UnityEditor.WindowsStandalone.Extensions.dll
Registered in 0.149239 seconds.
- Loaded All Assemblies, in  6.825 seconds
Native extension for WindowsStandalone target not found
Mono: successfully reloaded assembly
- Finished resetting the current domain, in  0.311 seconds
Domain Reload Profiling: 7136ms
	BeginReloadAssembly (5076ms)
		ExecutionOrderSort (0ms)
		DisableScriptedObjects (0ms)
		BackupInstance (0ms)
		ReleaseScriptingObjects (0ms)
		CreateAndSetChildDomain (1ms)
	RebuildCommonClasses (465ms)
	RebuildNativeTypeToScriptingClass (12ms)
	initialDomainReloadingComplete (200ms)
	LoadAllAssembliesAndSetupDomain (1072ms)
		LoadAssemblies (5075ms)
		RebuildTransferFunctionScriptingTraits (0ms)
		AnalyzeDomain (1069ms)
			TypeCache.Refresh (1068ms)
				TypeCache.ScanAssembly (804ms)
			ScanForSourceGeneratedMonoScriptInfo (0ms)
			ResolveRequiredComponents (0ms)
	FinalizeReload (312ms)
		ReleaseScriptCaches (0ms)
		RebuildScriptCaches (0ms)
		SetupLoadedEditorAssemblies (246ms)
			LogAssemblyErrors (0ms)
			InitializePlatformSupportModulesInManaged (8ms)
			SetLoadedEditorAssemblies (9ms)
			RefreshPlugins (0ms)
			BeforeProcessingInitializeOnLoad (2ms)
			ProcessInitializeOnLoadAttributes (158ms)
			ProcessInitializeOnLoadMethodAttributes (68ms)
			AfterProcessingInitializeOnLoad (0ms)
			EditorAssembliesLoaded (0ms)
		ExecutionOrderSort2 (0ms)
		AwakeInstancesAfterBackupRestoration (0ms)
========================================================================
Worker process is ready to serve import requests
Begin MonoManager ReloadAssembly
Symbol file LoadedFromMemory doesn't match image D:\GitHub\Unity\FirstGame\FirstGame\Library\PackageCache\com.unity.visualscripting@1.8.0\Editor\VisualScripting.Core\Dependencies\YamlDotNet\Unity.VisualScripting.YamlDotNet.dll
Symbol file LoadedFromMemory doesn't match image D:\GitHub\Unity\FirstGame\FirstGame\Library\PackageCache\com.unity.visualscripting@1.8.0\Editor\VisualScripting.Core\Dependencies\DotNetZip\Unity.VisualScripting.IonicZip.dll
- Loaded All Assemblies, in  8.106 seconds
Refreshing native plugins compatible for Editor in 3.38 ms, found 4 plugins.
Native extension for WindowsStandalone target not found
Mono: successfully reloaded assembly
- Finished resetting the current domain, in  0.648 seconds
Domain Reload Profiling: 8753ms
	BeginReloadAssembly (142ms)
		ExecutionOrderSort (0ms)
		DisableScriptedObjects (7ms)
		BackupInstance (0ms)
		ReleaseScriptingObjects (0ms)
		CreateAndSetChildDomain (25ms)
	RebuildCommonClasses (40ms)
	RebuildNativeTypeToScriptingClass (13ms)
	initialDomainReloadingComplete (46ms)
	LoadAllAssembliesAndSetupDomain (7863ms)
		LoadAssemblies (7328ms)
		RebuildTransferFunctionScriptingTraits (0ms)
		AnalyzeDomain (603ms)
			TypeCache.Refresh (573ms)
				TypeCache.ScanAssembly (503ms)
			ScanForSourceGeneratedMonoScriptInfo (24ms)
			ResolveRequiredComponents (5ms)
	FinalizeReload (648ms)
		ReleaseScriptCaches (0ms)
		RebuildScriptCaches (0ms)
		SetupLoadedEditorAssemblies (453ms)
			LogAssemblyErrors (0ms)
			InitializePlatformSupportModulesInManaged (5ms)
			SetLoadedEditorAssemblies (4ms)
			RefreshPlugins (0ms)
			BeforeProcessingInitializeOnLoad (73ms)
			ProcessInitializeOnLoadAttributes (325ms)
			ProcessInitializeOnLoadMethodAttributes (42ms)
			AfterProcessingInitializeOnLoad (4ms)
			EditorAssembliesLoaded (0ms)
		ExecutionOrderSort2 (0ms)
		AwakeInstancesAfterBackupRestoration (8ms)
Launched and connected shader compiler UnityShaderCompiler.exe after 0.14 seconds
Refreshing native plugins compatible for Editor in 3.57 ms, found 4 plugins.
Preloading 0 native plugins for Editor in 0.00 ms.
Unloading 3998 Unused Serialized files (Serialized files now loaded: 0)
Unloading 69 unused Assets / (244.8 KB). Loaded Objects now: 4456.
Memory consumption went from 138.6 MB to 138.4 MB.
Total: 5.401100 ms (FindLiveObjects: 0.481400 ms CreateObjectMapping: 0.336000 ms MarkObjects: 4.278300 ms  DeleteObjects: 0.304800 ms)

AssetImportParameters requested are different than current active one (requested -> active):
  custom:container-demuxer-ogg: 62fdf1f143b41e24485cea50d1cbac27 -> 
  custom:video-decoder-ogg-theora: a1e56fd34408186e4bbccfd4996cb3dc -> 
  custom:framework-win-MediaFoundation: 216162199b28c13a410421893ffa2e32 -> 
  custom:container-demuxer-webm: 4f35f7cbe854078d1ac9338744f61a02 -> 
  custom:container-muxer-webm: aa71ff27fc2769a1b78a27578f13a17b -> 
  custom:video-decoder-webm-vp8: 9c59270c3fd7afecdb556c50c9e8de78 -> 
  custom:AudioImporter_EditorPlatform: d09bf68614088b80899f8185d706f6e7 -> 
  custom:video-encoder-webm-vp8: eb34c28f22e8b96e1ab97ce403110664 -> 
  custom:audio-decoder-ogg-vorbis: bf7c407c2cedff20999df2af8eb42d56 -> 
  custom:audio-encoder-webm-vorbis: bf7c407c2cedff20999df2af8eb42d56 -> 
========================================================================
Received Import Request.
  Time since last request: 388800.035777 seconds.
  path: Assets/palettes/water
  artifactKey: Guid(1764c50c2955c1342bf7e2b50efd0778) Importer(815301076,1909f56bfc062723c751e8b465ee728b)
Start importing Assets/palettes/water using Guid(1764c50c2955c1342bf7e2b50efd0778) Importer(815301076,1909f56bfc062723c751e8b465ee728b)  -> (artifact id: '98946b2b593863b03bb5062241ae5fd7') in 0.002334 seconds
Number of updated asset objects reloaded before import = 0
Number of asset objects unloaded after import = 0
========================================================================
Received Import Request.
  Time since last request: 9.036056 seconds.
  path: Assets/palettes/water/water.aseprite
  artifactKey: Guid(3f598f9c809a7b64ead41ff5cbc35011) Importer(815301076,1909f56bfc062723c751e8b465ee728b)
Start importing Assets/palettes/water/water.aseprite using Guid(3f598f9c809a7b64ead41ff5cbc35011) Importer(815301076,1909f56bfc062723c751e8b465ee728b)  -> (artifact id: 'af7fd11d4cd5f219d7fe298f3c626927') in 0.159519 seconds
Number of updated asset objects reloaded before import = 0
Number of asset objects unloaded after import = 7
========================================================================
Received Import Request.
  Time since last request: 31.880154 seconds.
  path: Assets/palettes/water/water.aseprite
  artifactKey: Guid(3f598f9c809a7b64ead41ff5cbc35011) Importer(815301076,1909f56bfc062723c751e8b465ee728b)
Start importing Assets/palettes/water/water.aseprite using Guid(3f598f9c809a7b64ead41ff5cbc35011) Importer(815301076,1909f56bfc062723c751e8b465ee728b)  -> (artifact id: '82c54b566ae0c961b98baf231c2ffaaa') in 0.010730 seconds
Number of updated asset objects reloaded before import = 0
Number of asset objects unloaded after import = 7
========================================================================
Received Import Request.
  Time since last request: 250.852072 seconds.
  path: Assets/palettes/water/Sprite-0001.png
  artifactKey: Guid(ff16c78c309d21945a01633eb66d79f1) Importer(815301076,1909f56bfc062723c751e8b465ee728b)
Start importing Assets/palettes/water/Sprite-0001.png using Guid(ff16c78c309d21945a01633eb66d79f1) Importer(815301076,1909f56bfc062723c751e8b465ee728b)  -> (artifact id: 'f48a6329401c94ac5681b55139bbffb1') in 0.019373 seconds
Number of updated asset objects reloaded before import = 0
Number of asset objects unloaded after import = 3
========================================================================
Received Import Request.
  Time since last request: 0.000031 seconds.
  path: Assets/palettes/water/Sprite-0003.png
  artifactKey: Guid(102f15bdf2fa2924e92fa18af9d4fa63) Importer(815301076,1909f56bfc062723c751e8b465ee728b)
Start importing Assets/palettes/water/Sprite-0003.png using Guid(102f15bdf2fa2924e92fa18af9d4fa63) Importer(815301076,1909f56bfc062723c751e8b465ee728b)  -> (artifact id: 'eb32d9129de2c35ffd59735439918a15') in 0.015385 seconds
Number of updated asset objects reloaded before import = 0
Number of asset objects unloaded after import = 3
========================================================================
Received Import Request.
  Time since last request: 0.000018 seconds.
  path: Assets/palettes/water/Sprite-0010.png
  artifactKey: Guid(11f976c918e75a94ba7e6f4fe8193305) Importer(815301076,1909f56bfc062723c751e8b465ee728b)
Start importing Assets/palettes/water/Sprite-0010.png using Guid(11f976c918e75a94ba7e6f4fe8193305) Importer(815301076,1909f56bfc062723c751e8b465ee728b)  -> (artifact id: 'f6bd48c704d66c4e9cafbac057bf75bb') in 0.014751 seconds
Number of updated asset objects reloaded before import = 0
Number of asset objects unloaded after import = 3
========================================================================
Received Import Request.
  Time since last request: 0.000024 seconds.
  path: Assets/palettes/water/Sprite-0012.png
  artifactKey: Guid(160b5242e91991f408fee5248492906e) Importer(815301076,1909f56bfc062723c751e8b465ee728b)
Start importing Assets/palettes/water/Sprite-0012.png using Guid(160b5242e91991f408fee5248492906e) Importer(815301076,1909f56bfc062723c751e8b465ee728b)  -> (artifact id: '55e074ebdb2de018b4333c127753fc2f') in 0.015243 seconds
Number of updated asset objects reloaded before import = 0
Number of asset objects unloaded after import = 3
========================================================================
Received Import Request.
  Time since last request: 0.000019 seconds.
  path: Assets/palettes/water/Sprite-0005.png
  artifactKey: Guid(639296c671bc9e142923bf942df94224) Importer(815301076,1909f56bfc062723c751e8b465ee728b)
Start importing Assets/palettes/water/Sprite-0005.png using Guid(639296c671bc9e142923bf942df94224) Importer(815301076,1909f56bfc062723c751e8b465ee728b)  -> (artifact id: 'bda78f3352d290d4bc3b86a1a53efdad') in 0.017566 seconds
Number of updated asset objects reloaded before import = 0
Number of asset objects unloaded after import = 3
========================================================================
Received Import Request.
  Time since last request: 0.000022 seconds.
  path: Assets/palettes/water/Sprite-0009.png
  artifactKey: Guid(706c1f2389fdeb04db4e7243b95d6426) Importer(815301076,1909f56bfc062723c751e8b465ee728b)
Start importing Assets/palettes/water/Sprite-0009.png using Guid(706c1f2389fdeb04db4e7243b95d6426) Importer(815301076,1909f56bfc062723c751e8b465ee728b)  -> (artifact id: 'c9018362cae9a1ef3289e27a474a04d4') in 0.017133 seconds
Number of updated asset objects reloaded before import = 0
Number of asset objects unloaded after import = 3
========================================================================
Received Import Request.
  Time since last request: 0.000031 seconds.
  path: Assets/palettes/water/Sprite-0006.png
  artifactKey: Guid(2d02a79fe33b4cd48ab32c4b9c159dcd) Importer(815301076,1909f56bfc062723c751e8b465ee728b)
Start importing Assets/palettes/water/Sprite-0006.png using Guid(2d02a79fe33b4cd48ab32c4b9c159dcd) Importer(815301076,1909f56bfc062723c751e8b465ee728b)  -> (artifact id: '33b151028321ed940df84282c3863805') in 0.016681 seconds
Number of updated asset objects reloaded before import = 0
Number of asset objects unloaded after import = 3
========================================================================
Received Import Request.
  Time since last request: 36.993864 seconds.
  path: Assets/palettes/water/Sprite-0001.png
  artifactKey: Guid(ff16c78c309d21945a01633eb66d79f1) Importer(815301076,1909f56bfc062723c751e8b465ee728b)
Start importing Assets/palettes/water/Sprite-0001.png using Guid(ff16c78c309d21945a01633eb66d79f1) Importer(815301076,1909f56bfc062723c751e8b465ee728b)  -> (artifact id: '891a5095744e9a2fc67c312fd939c0b2') in 0.010623 seconds
Number of updated asset objects reloaded before import = 0
Number of asset objects unloaded after import = 2
========================================================================
Received Import Request.
  Time since last request: 0.000029 seconds.
  path: Assets/palettes/water/Sprite-0010.png
  artifactKey: Guid(11f976c918e75a94ba7e6f4fe8193305) Importer(815301076,1909f56bfc062723c751e8b465ee728b)
Start importing Assets/palettes/water/Sprite-0010.png using Guid(11f976c918e75a94ba7e6f4fe8193305) Importer(815301076,1909f56bfc062723c751e8b465ee728b)  -> (artifact id: 'e84a4838e9fd5252493f1b21145dd897') in 0.011255 seconds
Number of updated asset objects reloaded before import = 0
Number of asset objects unloaded after import = 2
========================================================================
Received Import Request.
  Time since last request: 0.000021 seconds.
  path: Assets/palettes/water/Sprite-0007.png
  artifactKey: Guid(9efca04bebe821c468f7d6273020871c) Importer(815301076,1909f56bfc062723c751e8b465ee728b)
Start importing Assets/palettes/water/Sprite-0007.png using Guid(9efca04bebe821c468f7d6273020871c) Importer(815301076,1909f56bfc062723c751e8b465ee728b)  -> (artifact id: '49ee8c2ac02e462f005847308853c614') in 0.013050 seconds
Number of updated asset objects reloaded before import = 0
Number of asset objects unloaded after import = 2
========================================================================
Received Import Request.
  Time since last request: 0.000020 seconds.
  path: Assets/palettes/water/Sprite-0005.png
  artifactKey: Guid(639296c671bc9e142923bf942df94224) Importer(815301076,1909f56bfc062723c751e8b465ee728b)
Start importing Assets/palettes/water/Sprite-0005.png using Guid(639296c671bc9e142923bf942df94224) Importer(815301076,1909f56bfc062723c751e8b465ee728b)  -> (artifact id: '171356e34ac87d08e15cd5d236f3e98c') in 0.011542 seconds
Number of updated asset objects reloaded before import = 0
Number of asset objects unloaded after import = 2
========================================================================
Received Import Request.
  Time since last request: 0.000037 seconds.
  path: Assets/palettes/water/Sprite-0008.png
  artifactKey: Guid(2abd5435d21e9dd4eba50ee69baf3bfa) Importer(815301076,1909f56bfc062723c751e8b465ee728b)
Start importing Assets/palettes/water/Sprite-0008.png using Guid(2abd5435d21e9dd4eba50ee69baf3bfa) Importer(815301076,1909f56bfc062723c751e8b465ee728b)  -> (artifact id: '8ead69d216d45334682651b4111633b9') in 0.012458 seconds
Number of updated asset objects reloaded before import = 0
Number of asset objects unloaded after import = 2
========================================================================
Received Import Request.
  Time since last request: 0.000104 seconds.
  path: Assets/palettes/water/Sprite-0006.png
  artifactKey: Guid(2d02a79fe33b4cd48ab32c4b9c159dcd) Importer(815301076,1909f56bfc062723c751e8b465ee728b)
Start importing Assets/palettes/water/Sprite-0006.png using Guid(2d02a79fe33b4cd48ab32c4b9c159dcd) Importer(815301076,1909f56bfc062723c751e8b465ee728b)  -> (artifact id: 'e4aa014ae72117322815de81d005256b') in 0.010040 seconds
Number of updated asset objects reloaded before import = 0
Number of asset objects unloaded after import = 2
========================================================================
Received Import Request.
  Time since last request: 67.428251 seconds.
  path: Assets/palettes/water/water.asset
  artifactKey: Guid(7441d6b67f6049f4c872f24754e84558) Importer(815301076,1909f56bfc062723c751e8b465ee728b)
Start importing Assets/palettes/water/water.asset using Guid(7441d6b67f6049f4c872f24754e84558) Importer(815301076,1909f56bfc062723c751e8b465ee728b)  -> (artifact id: 'df49782d85a36be7c73e33270b8c55a8') in 0.003417 seconds
Number of updated asset objects reloaded before import = 0
Number of asset objects unloaded after import = 1
========================================================================
Received Import Request.
  Time since last request: 119.652956 seconds.
  path: Assets/palettes/water/Sprite-0001.png
  artifactKey: Guid(ff16c78c309d21945a01633eb66d79f1) Importer(815301076,1909f56bfc062723c751e8b465ee728b)
Start importing Assets/palettes/water/Sprite-0001.png using Guid(ff16c78c309d21945a01633eb66d79f1) Importer(815301076,1909f56bfc062723c751e8b465ee728b)  -> (artifact id: '884027753a89f7efecdfeb580accdc5c') in 0.016371 seconds
Number of updated asset objects reloaded before import = 0
Number of asset objects unloaded after import = 3
========================================================================
Received Import Request.
  Time since last request: 0.000016 seconds.
  path: Assets/palettes/water/Sprite-0003.png
  artifactKey: Guid(102f15bdf2fa2924e92fa18af9d4fa63) Importer(815301076,1909f56bfc062723c751e8b465ee728b)
Start importing Assets/palettes/water/Sprite-0003.png using Guid(102f15bdf2fa2924e92fa18af9d4fa63) Importer(815301076,1909f56bfc062723c751e8b465ee728b)  -> (artifact id: 'ce28b9de1853e990f314d0bf3d9f6b58') in 0.011972 seconds
Number of updated asset objects reloaded before import = 0
Number of asset objects unloaded after import = 3
========================================================================
Received Import Request.
  Time since last request: 0.000025 seconds.
  path: Assets/palettes/water/Sprite-0004.png
  artifactKey: Guid(a500ceece9b571e43962fc7429b9cda1) Importer(815301076,1909f56bfc062723c751e8b465ee728b)
Start importing Assets/palettes/water/Sprite-0004.png using Guid(a500ceece9b571e43962fc7429b9cda1) Importer(815301076,1909f56bfc062723c751e8b465ee728b)  -> (artifact id: '123f84937d173e62b84580b39a2a5eb9') in 0.014081 seconds
Number of updated asset objects reloaded before import = 0
Number of asset objects unloaded after import = 3
========================================================================
Received Import Request.
  Time since last request: 0.000031 seconds.
  path: Assets/palettes/water/Sprite-0010.png
  artifactKey: Guid(11f976c918e75a94ba7e6f4fe8193305) Importer(815301076,1909f56bfc062723c751e8b465ee728b)
Start importing Assets/palettes/water/Sprite-0010.png using Guid(11f976c918e75a94ba7e6f4fe8193305) Importer(815301076,1909f56bfc062723c751e8b465ee728b)  -> (artifact id: 'd40c50056bde3bd9d28e0be79bedefe2') in 0.014009 seconds
Number of updated asset objects reloaded before import = 0
Number of asset objects unloaded after import = 3
========================================================================
Received Import Request.
  Time since last request: 0.000159 seconds.
  path: Assets/palettes/water/Sprite-0012.png
  artifactKey: Guid(160b5242e91991f408fee5248492906e) Importer(815301076,1909f56bfc062723c751e8b465ee728b)
Start importing Assets/palettes/water/Sprite-0012.png using Guid(160b5242e91991f408fee5248492906e) Importer(815301076,1909f56bfc062723c751e8b465ee728b)  -> (artifact id: 'b8e580c6f21b35336e054fd4c34fe301') in 0.013777 seconds
Number of updated asset objects reloaded before import = 0
Number of asset objects unloaded after import = 3
========================================================================
Received Import Request.
  Time since last request: 0.000031 seconds.
  path: Assets/palettes/water/Sprite-0005.png
  artifactKey: Guid(639296c671bc9e142923bf942df94224) Importer(815301076,1909f56bfc062723c751e8b465ee728b)
Start importing Assets/palettes/water/Sprite-0005.png using Guid(639296c671bc9e142923bf942df94224) Importer(815301076,1909f56bfc062723c751e8b465ee728b)  -> (artifact id: 'fa09dda18b48d550e4c1d08bc4b577d8') in 0.015463 seconds
Number of updated asset objects reloaded before import = 0
Number of asset objects unloaded after import = 3
========================================================================
Received Import Request.
  Time since last request: 0.000029 seconds.
  path: Assets/palettes/water/Sprite-0008.png
  artifactKey: Guid(2abd5435d21e9dd4eba50ee69baf3bfa) Importer(815301076,1909f56bfc062723c751e8b465ee728b)
Start importing Assets/palettes/water/Sprite-0008.png using Guid(2abd5435d21e9dd4eba50ee69baf3bfa) Importer(815301076,1909f56bfc062723c751e8b465ee728b)  -> (artifact id: '1def222c8b58b6b27d0ea33e2874be57') in 0.012937 seconds
Number of updated asset objects reloaded before import = 0
Number of asset objects unloaded after import = 3
========================================================================
Received Import Request.
  Time since last request: 0.000031 seconds.
  path: Assets/palettes/water/Sprite-0013.png
  artifactKey: Guid(5e0b68c4261013a4ab8f354dec4672fb) Importer(815301076,1909f56bfc062723c751e8b465ee728b)
Start importing Assets/palettes/water/Sprite-0013.png using Guid(5e0b68c4261013a4ab8f354dec4672fb) Importer(815301076,1909f56bfc062723c751e8b465ee728b)  -> (artifact id: 'df75602d30ee8fe2e8c7b33fcbb39fdd') in 0.011847 seconds
Number of updated asset objects reloaded before import = 0
Number of asset objects unloaded after import = 3
========================================================================
Received Prepare
Begin MonoManager ReloadAssembly
Symbol file LoadedFromMemory doesn't match image D:\GitHub\Unity\FirstGame\FirstGame\Library\PackageCache\com.unity.visualscripting@1.8.0\Editor\VisualScripting.Core\Dependencies\YamlDotNet\Unity.VisualScripting.YamlDotNet.dll
Symbol file LoadedFromMemory doesn't match image D:\GitHub\Unity\FirstGame\FirstGame\Library\PackageCache\com.unity.visualscripting@1.8.0\Editor\VisualScripting.Core\Dependencies\DotNetZip\Unity.VisualScripting.IonicZip.dll
- Loaded All Assemblies, in  0.643 seconds
Refreshing native plugins compatible for Editor in 2.73 ms, found 4 plugins.
Native extension for WindowsStandalone target not found
Mono: successfully reloaded assembly
- Finished resetting the current domain, in  0.766 seconds
Domain Reload Profiling: 1409ms
	BeginReloadAssembly (144ms)
		ExecutionOrderSort (0ms)
		DisableScriptedObjects (14ms)
		BackupInstance (0ms)
		ReleaseScriptingObjects (0ms)
		CreateAndSetChildDomain (43ms)
	RebuildCommonClasses (30ms)
	RebuildNativeTypeToScriptingClass (10ms)
	initialDomainReloadingComplete (24ms)
	LoadAllAssembliesAndSetupDomain (433ms)
		LoadAssemblies (222ms)
		RebuildTransferFunctionScriptingTraits (0ms)
		AnalyzeDomain (271ms)
			TypeCache.Refresh (266ms)
				TypeCache.ScanAssembly (256ms)
			ScanForSourceGeneratedMonoScriptInfo (0ms)
			ResolveRequiredComponents (4ms)
	FinalizeReload (767ms)
		ReleaseScriptCaches (0ms)
		RebuildScriptCaches (0ms)
		SetupLoadedEditorAssemblies (380ms)
			LogAssemblyErrors (0ms)
			InitializePlatformSupportModulesInManaged (5ms)
			SetLoadedEditorAssemblies (3ms)
			RefreshPlugins (0ms)
			BeforeProcessingInitializeOnLoad (59ms)
			ProcessInitializeOnLoadAttributes (271ms)
			ProcessInitializeOnLoadMethodAttributes (39ms)
			AfterProcessingInitializeOnLoad (3ms)
			EditorAssembliesLoaded (0ms)
		ExecutionOrderSort2 (0ms)
		AwakeInstancesAfterBackupRestoration (17ms)
Refreshing native plugins compatible for Editor in 3.53 ms, found 4 plugins.
Preloading 0 native plugins for Editor in 0.00 ms.
Unloading 3992 Unused Serialized files (Serialized files now loaded: 0)
Unloading 41 unused Assets / (216.9 KB). Loaded Objects now: 4476.
Memory consumption went from 141.5 MB to 141.3 MB.
Total: 4.688100 ms (FindLiveObjects: 0.343200 ms CreateObjectMapping: 0.267200 ms MarkObjects: 3.892500 ms  DeleteObjects: 0.184200 ms)

Prepare: number of updated asset objects reloaded= 0
AssetImportParameters requested are different than current active one (requested -> active):
  custom:container-demuxer-ogg: 62fdf1f143b41e24485cea50d1cbac27 -> 
  custom:video-decoder-ogg-theora: a1e56fd34408186e4bbccfd4996cb3dc -> 
  custom:framework-win-MediaFoundation: 216162199b28c13a410421893ffa2e32 -> 
  custom:container-demuxer-webm: 4f35f7cbe854078d1ac9338744f61a02 -> 
  custom:container-muxer-webm: aa71ff27fc2769a1b78a27578f13a17b -> 
  custom:video-decoder-webm-vp8: 9c59270c3fd7afecdb556c50c9e8de78 -> 
  custom:AudioImporter_EditorPlatform: d09bf68614088b80899f8185d706f6e7 -> 
  custom:video-encoder-webm-vp8: eb34c28f22e8b96e1ab97ce403110664 -> 
  custom:audio-decoder-ogg-vorbis: bf7c407c2cedff20999df2af8eb42d56 -> 
  custom:audio-encoder-webm-vorbis: bf7c407c2cedff20999df2af8eb42d56 -> 
========================================================================
Received Prepare
Begin MonoManager ReloadAssembly
Symbol file LoadedFromMemory doesn't match image D:\GitHub\Unity\FirstGame\FirstGame\Library\PackageCache\com.unity.visualscripting@1.8.0\Editor\VisualScripting.Core\Dependencies\YamlDotNet\Unity.VisualScripting.YamlDotNet.dll
Symbol file LoadedFromMemory doesn't match image D:\GitHub\Unity\FirstGame\FirstGame\Library\PackageCache\com.unity.visualscripting@1.8.0\Editor\VisualScripting.Core\Dependencies\DotNetZip\Unity.VisualScripting.IonicZip.dll
- Loaded All Assemblies, in  0.602 seconds
Refreshing native plugins compatible for Editor in 2.81 ms, found 4 plugins.
Native extension for WindowsStandalone target not found
Mono: successfully reloaded assembly
- Finished resetting the current domain, in  0.831 seconds
Domain Reload Profiling: 1432ms
	BeginReloadAssembly (135ms)
		ExecutionOrderSort (0ms)
		DisableScriptedObjects (15ms)
		BackupInstance (0ms)
		ReleaseScriptingObjects (0ms)
		CreateAndSetChildDomain (36ms)
	RebuildCommonClasses (35ms)
	RebuildNativeTypeToScriptingClass (14ms)
	initialDomainReloadingComplete (27ms)
	LoadAllAssembliesAndSetupDomain (389ms)
		LoadAssemblies (219ms)
		RebuildTransferFunctionScriptingTraits (0ms)
		AnalyzeDomain (225ms)
			TypeCache.Refresh (220ms)
				TypeCache.ScanAssembly (210ms)
			ScanForSourceGeneratedMonoScriptInfo (0ms)
			ResolveRequiredComponents (4ms)
	FinalizeReload (832ms)
		ReleaseScriptCaches (0ms)
		RebuildScriptCaches (0ms)
		SetupLoadedEditorAssemblies (411ms)
			LogAssemblyErrors (0ms)
			InitializePlatformSupportModulesInManaged (5ms)
			SetLoadedEditorAssemblies (4ms)
			RefreshPlugins (0ms)
			BeforeProcessingInitializeOnLoad (80ms)
			ProcessInitializeOnLoadAttributes (277ms)
			ProcessInitializeOnLoadMethodAttributes (41ms)
			AfterProcessingInitializeOnLoad (3ms)
			EditorAssembliesLoaded (0ms)
		ExecutionOrderSort2 (0ms)
		AwakeInstancesAfterBackupRestoration (17ms)
Refreshing native plugins compatible for Editor in 4.09 ms, found 4 plugins.
Preloading 0 native plugins for Editor in 0.00 ms.
Unloading 3993 Unused Serialized files (Serialized files now loaded: 0)
Unloading 41 unused Assets / (217.1 KB). Loaded Objects now: 4480.
Memory consumption went from 141.8 MB to 141.6 MB.
Total: 4.056700 ms (FindLiveObjects: 0.319800 ms CreateObjectMapping: 0.250400 ms MarkObjects: 3.262300 ms  DeleteObjects: 0.223400 ms)

Prepare: number of updated asset objects reloaded= 0
AssetImportParameters requested are different than current active one (requested -> active):
  custom:container-demuxer-ogg: 62fdf1f143b41e24485cea50d1cbac27 -> 
  custom:video-decoder-ogg-theora: a1e56fd34408186e4bbccfd4996cb3dc -> 
  custom:framework-win-MediaFoundation: 216162199b28c13a410421893ffa2e32 -> 
  custom:container-demuxer-webm: 4f35f7cbe854078d1ac9338744f61a02 -> 
  custom:container-muxer-webm: aa71ff27fc2769a1b78a27578f13a17b -> 
  custom:video-decoder-webm-vp8: 9c59270c3fd7afecdb556c50c9e8de78 -> 
  custom:AudioImporter_EditorPlatform: d09bf68614088b80899f8185d706f6e7 -> 
  custom:video-encoder-webm-vp8: eb34c28f22e8b96e1ab97ce403110664 -> 
  custom:audio-decoder-ogg-vorbis: bf7c407c2cedff20999df2af8eb42d56 -> 
  custom:audio-encoder-webm-vorbis: bf7c407c2cedff20999df2af8eb42d56 -> 
========================================================================
Received Import Request.
  Time since last request: 336.659977 seconds.
  path: Assets/palettes/Ground/Ground.prefab
  artifactKey: Guid(4c73127459e60ab49b2b55cfb33b5472) Importer(815301076,1909f56bfc062723c751e8b465ee728b)
Start importing Assets/palettes/Ground/Ground.prefab using Guid(4c73127459e60ab49b2b55cfb33b5472) Importer(815301076,1909f56bfc062723c751e8b465ee728b)  -> (artifact id: '7a0ee18d7f3af582e12dbb6f1c23da45') in 0.080450 seconds
Number of updated asset objects reloaded before import = 0
Number of asset objects unloaded after import = 122
========================================================================
Received Import Request.
  Time since last request: 13.903162 seconds.
  path: Assets/palettes/Tile_Ground
  artifactKey: Guid(da351023ef958e34ebd15fee4804ca8f) Importer(815301076,1909f56bfc062723c751e8b465ee728b)
Start importing Assets/palettes/Tile_Ground using Guid(da351023ef958e34ebd15fee4804ca8f) Importer(815301076,1909f56bfc062723c751e8b465ee728b)  -> (artifact id: '575afbbd65ad148a996c41e484c7fade') in 0.000599 seconds
Number of updated asset objects reloaded before import = 0
Number of asset objects unloaded after import = 0
========================================================================
Received Import Request.
  Time since last request: 32.983283 seconds.
  path: Assets/palettes/Ground2.aseprite
  artifactKey: Guid(4d68c1bf2548b6644909779e606074eb) Importer(815301076,1909f56bfc062723c751e8b465ee728b)
Start importing Assets/palettes/Ground2.aseprite using Guid(4d68c1bf2548b6644909779e606074eb) Importer(815301076,1909f56bfc062723c751e8b465ee728b)  -> (artifact id: '0db97b2a1db5fb7340f8df059cd23216') in 0.038736 seconds
Number of updated asset objects reloaded before import = 0
Number of asset objects unloaded after import = 7
========================================================================
Received Import Request.
  Time since last request: 94.051619 seconds.
  path: Assets/palettes/Ground/Ground2.png
  artifactKey: Guid(01be5a24e84a8bd46873dd942a4a663e) Importer(815301076,1909f56bfc062723c751e8b465ee728b)
Start importing Assets/palettes/Ground/Ground2.png using Guid(01be5a24e84a8bd46873dd942a4a663e) Importer(815301076,1909f56bfc062723c751e8b465ee728b)  -> (artifact id: '2255cb8d203e89ad360f9318f13a241f') in 0.038268 seconds
Number of updated asset objects reloaded before import = 0
Number of asset objects unloaded after import = 3
========================================================================
Received Import Request.
  Time since last request: 18.458496 seconds.
  path: Assets/palettes/Ground/Ground2.png
  artifactKey: Guid(01be5a24e84a8bd46873dd942a4a663e) Importer(815301076,1909f56bfc062723c751e8b465ee728b)
Start importing Assets/palettes/Ground/Ground2.png using Guid(01be5a24e84a8bd46873dd942a4a663e) Importer(815301076,1909f56bfc062723c751e8b465ee728b)  -> (artifact id: '0f24e570b694c133f023d35f201cdd05') in 0.009966 seconds
Number of updated asset objects reloaded before import = 0
Number of asset objects unloaded after import = 2
========================================================================
Received Import Request.
  Time since last request: 27.564970 seconds.
  path: Assets/palettes/Ground/Ground2.png
  artifactKey: Guid(01be5a24e84a8bd46873dd942a4a663e) Importer(815301076,1909f56bfc062723c751e8b465ee728b)
Start importing Assets/palettes/Ground/Ground2.png using Guid(01be5a24e84a8bd46873dd942a4a663e) Importer(815301076,1909f56bfc062723c751e8b465ee728b)  -> (artifact id: '117f9b0fc9714c543cac674c8a7c5be0') in 0.035379 seconds
Number of updated asset objects reloaded before import = 0
Number of asset objects unloaded after import = 19
========================================================================
Received Import Request.
  Time since last request: 47.358294 seconds.
  path: Assets/palettes/Ground/Ground.prefab
  artifactKey: Guid(4c73127459e60ab49b2b55cfb33b5472) Importer(815301076,1909f56bfc062723c751e8b465ee728b)
Start importing Assets/palettes/Ground/Ground.prefab using Guid(4c73127459e60ab49b2b55cfb33b5472) Importer(815301076,1909f56bfc062723c751e8b465ee728b)  -> (artifact id: '5fbac5d19188c511d9a127992e0cc697') in 0.029179 seconds
Number of updated asset objects reloaded before import = 0
Number of asset objects unloaded after import = 157
